[2014-11-22 16:33:34] START
[2014-11-22 16:36:04] EDIT RateMyCourse/models/db.py: -25
[2014-11-22 16:40:49] EDIT RateMyCourse/models/db.py: 1
[2014-11-22 16:44:07] EDIT RateMyCourse/models/db.py: 3
[2014-11-22 16:58:18] EDIT RateMyCourse/models/db.py: 5
[2014-11-22 17:02:54] EDIT RateMyCourse/models/db.py: 0
[2014-11-22 17:03:03] EDIT RateMyCourse/models/db.py: 0
[2014-11-22 17:03:27] EDIT RateMyCourse/models/db.py: 1
[2014-11-22 17:03:34] EDIT RateMyCourse/models/db.py: 0
[2014-11-22 17:07:28] EDIT RateMyCourse/models/db.py: 0
[2014-11-22 17:16:37] EDIT RateMyCourse/models/db.py: 1
[2014-11-22 17:16:48] EDIT RateMyCourse/models/db.py: 0
[2014-11-22 17:17:36] EDIT RateMyCourse/models/db.py: 0
[2014-11-22 17:17:50] EDIT RateMyCourse/models/db.py: 0
[2014-11-22 17:18:37] EDIT RateMyCourse/models/db.py: -1
[2014-11-22 17:19:36] EDIT RateMyCourse/models/db.py: 0
[2014-11-22 17:21:59] EDIT RateMyCourse/models/db.py: 0
[2014-11-22 17:23:36] EDIT RateMyCourse/models/db.py: 1
[2014-11-22 17:23:46] EDIT RateMyCourse/models/db.py: 0
[2014-11-22 17:27:25] EDIT RateMyCourse/models/db.py: 0
[2014-11-22 18:44:23] EDIT RateMyCourse/models/db.py: 1
[2014-11-22 18:50:55] EDIT RateMyCourse/models/db.py: 0
[2014-11-28 15:27:11] EDIT Project/controllers/default.py: -1
[2014-11-28 15:27:12] EDIT Project/controllers/default.py: 0
[2014-12-03 15:06:01] EDIT Project/models/db.py: 7
[2014-12-03 15:06:55] EDIT Project/models/db.py: -3
[2014-12-03 15:07:23] EDIT Project/models/db.py: -2
[2014-12-03 15:07:23] EDIT Project/models/db.py: 0
[2014-12-03 15:08:02] EDIT Project/models/db.py: 0
[2014-12-03 15:08:06] EDIT Project/models/db.py: 0
[2014-12-03 15:08:06] EDIT Project/models/db.py: 0
[2014-12-03 15:11:19] EDIT Project/models/db.py: 2
[2014-12-03 15:11:30] EDIT Project/models/db.py: 0
[2014-12-03 15:11:43] EDIT Project/models/db.py: 0
[2014-12-03 15:11:54] EDIT Project/models/db.py: 0
[2014-12-03 15:15:11] EDIT Project/models/db.py: 1
[2014-12-03 15:15:39] EDIT Project/models/db.py: -1
[2014-12-03 15:22:29] EDIT Project/models/db.py: 6
[2014-12-03 15:22:29] EDIT Project/models/db.py: 0
[2014-12-03 15:26:05] EDIT Project/models/db.py: 3
[2014-12-03 15:28:06] EDIT Project/models/db.py: -1
[2014-12-03 15:28:51] EDIT Project/models/db.py: 0
[2014-12-03 15:35:24] EDIT Project/models/db.py: 16
[2014-12-03 15:36:05] EDIT Project/models/db.py: 0
[2014-12-03 15:38:18] EDIT Project/models/db.py: 0
[2014-12-03 15:44:07] EDIT Project/views/default/index.html: -5
[2014-12-03 15:45:33] EDIT Project/views/default/index.html: 0
[2014-12-03 15:48:22] EDIT Project/views/layout.html: 0
[2014-12-03 15:50:23] EDIT Project/views/default/index.html: 0
[2014-12-03 15:51:19] EDIT Project/views/default/index.html: 0
[2014-12-03 15:51:34] EDIT Project/views/default/index.html: 0
[2014-12-03 15:54:25] EDIT Project/views/default/index.html: 0
[2014-12-03 15:54:50] EDIT Project/views/default/index.html: 0
[2014-12-03 15:55:28] EDIT Project/views/default/index.html: -2
[2014-12-03 15:55:46] EDIT Project/views/default/index.html: -1
[2014-12-03 15:55:59] EDIT Project/views/default/index.html: 1
[2014-12-03 15:56:30] EDIT Project/views/default/index.html: -2
[2014-12-03 15:56:56] EDIT Project/views/default/index.html: 0
[2014-12-03 15:57:22] EDIT Project/views/default/index.html: 0
[2014-12-03 15:57:57] EDIT Project/views/default/index.html: 0
[2014-12-03 15:58:02] EDIT Project/views/default/index.html: 1
[2014-12-03 15:58:04] EDIT Project/views/default/index.html: 0
[2014-12-03 15:58:16] EDIT Project/views/default/index.html: -1
[2014-12-03 15:58:54] EDIT Project/views/default/index.html: 6
[2014-12-03 15:59:03] EDIT Project/views/default/index.html: 1
[2014-12-03 15:59:28] EDIT Project/views/layout.html: 0
[2014-12-03 16:00:37] EDIT Project/views/layout.html: 1
[2014-12-03 16:00:52] EDIT Project/views/layout.html: 0
[2014-12-03 16:01:10] EDIT Project/views/layout.html: 0
[2014-12-03 16:01:56] EDIT Project/views/layout.html: 4
[2014-12-03 16:02:46] EDIT Project/views/layout.html: -22
[2014-12-03 16:03:10] EDIT Project/views/layout.html: 4
[2014-12-03 16:04:20] EDIT Project/controllers/default.py: 0
[2014-12-03 16:04:21] EDIT Project/controllers/default.py: 0
[2014-12-03 16:06:08] CREATE default/rate_course.html: 0
[2014-12-03 16:06:37] EDIT Project/controllers/default.py: 2
[2014-12-03 16:06:48] EDIT Project/views/layout.html: 0
[2014-12-03 16:06:49] EDIT Project/views/layout.html: 0
[2014-12-03 16:08:06] EDIT Project/views/default/rate_course.html: 0
[2014-12-03 16:09:32] EDIT Project/controllers/default.py: 1
[2014-12-03 16:09:32] EDIT Project/controllers/default.py: 0
[2014-12-03 16:09:43] EDIT Project/views/default/rate_course.html: 0
[2014-12-03 16:09:44] EDIT Project/views/default/rate_course.html: 0
[2014-12-03 16:09:45] EDIT Project/controllers/default.py: 0
[2014-12-03 16:09:46] EDIT Project/views/layout.html: 0
[2014-12-03 16:10:43] EDIT Project/controllers/default.py: 0
[2014-12-03 16:10:43] EDIT Project/controllers/default.py: 0
[2014-12-03 16:11:07] EDIT Project/views/default/rate_course.html: -1
[2014-12-03 16:12:20] EDIT Project/models/db.py: 1
[2014-12-03 16:12:21] EDIT Project/models/db.py: 0
[2014-12-03 16:12:34] EDIT Project/models/db.py: 0
[2014-12-03 16:12:41] EDIT Project/models/db.py: 0
[2014-12-03 16:12:42] EDIT Project/models/db.py: 0
[2014-12-03 16:13:18] EDIT Project/models/db.py: 3
[2014-12-03 16:13:27] EDIT Project/views/layout.html: 0
[2014-12-03 16:13:56] EDIT Project/controllers/default.py: 3
[2014-12-03 16:13:58] EDIT Project/controllers/default.py: 0
[2014-12-03 16:14:12] CREATE default/rate_professor.html: 0
[2014-12-03 16:14:24] EDIT Project/views/default/rate_professor.html: -1
[2014-12-03 16:14:34] EDIT Project/views/layout.html: 0
[2014-12-03 16:15:24] EDIT Project/controllers/default.py: 0
[2014-12-03 16:15:32] EDIT Project/models/db.py: 0
[2014-12-03 16:15:53] EDIT Project/views/default/rate_course.html: 3
[2014-12-03 16:16:02] EDIT Project/views/default/rate_course.html: 0
[2014-12-03 16:16:20] EDIT Project/views/default/rate_professor.html: 3
[2014-12-03 16:17:18] EDIT Project/models/db.py: 4
[2014-12-03 16:17:58] CREATE default/Courses.html: 0
[2014-12-03 16:18:27] DELETE Project/views/default/Courses.html: -3
[2014-12-03 16:18:35] CREATE default/courses.html: 0
[2014-12-03 16:19:01] EDIT Project/views/default/rate_professor.html: 0
[2014-12-03 16:19:14] EDIT Project/views/default/rate_professor.html: 0
[2014-12-03 16:22:37] EDIT Project/controllers/default.py: 3
[2014-12-03 16:22:47] EDIT Project/controllers/default.py: 0
[2014-12-03 16:22:49] EDIT Project/controllers/default.py: 0
[2014-12-03 16:24:39] EDIT Project/views/default/courses.html: 5
[2014-12-03 16:24:41] EDIT Project/views/default/courses.html: 0
[2014-12-03 16:24:43] EDIT Project/views/default/courses.html: 0
[2014-12-03 16:25:01] EDIT Project/views/layout.html: 0
[2014-12-03 16:25:31] EDIT Project/views/default/courses.html: 0
[2014-12-03 16:25:47] EDIT Project/views/default/courses.html: 0
[2014-12-03 16:25:49] EDIT Project/views/default/courses.html: -3
[2014-12-03 16:26:03] EDIT Project/views/default/courses.html: -3
[2014-12-03 16:26:31] EDIT Project/views/default/courses.html: 6
[2014-12-03 16:27:54] EDIT Project/controllers/default.py: 0
[2014-12-03 16:28:24] EDIT Project/controllers/default.py: 0
[2014-12-03 16:29:04] CREATE default/all_courses.html: 0
[2014-12-03 16:29:09] EDIT Project/views/default/all_courses.html: 5
[2014-12-03 16:29:13] EDIT Project/views/default/all_courses.html: 0
[2014-12-03 16:29:16] EDIT Project/views/default/all_courses.html: 0
[2014-12-03 16:29:25] EDIT Project/views/layout.html: 0
[2014-12-03 16:31:31] EDIT Project/views/default/all_courses.html: 0
[2014-12-03 16:31:58] EDIT Project/controllers/default.py: 0
[2014-12-03 16:32:01] EDIT Project/controllers/default.py: 0
[2014-12-03 16:32:37] EDIT Project/views/default/all_courses.html: -1
[2014-12-03 16:32:46] EDIT Project/views/default/all_courses.html: -1
[2014-12-03 16:33:25] EDIT Project/views/default/all_courses.html: 2
[2014-12-03 16:33:32] EDIT Project/views/default/all_courses.html: -1
[2014-12-03 16:33:42] EDIT Project/views/default/all_courses.html: 1
[2014-12-03 16:33:45] EDIT Project/views/default/all_courses.html: 0
[2014-12-03 16:33:55] EDIT Project/views/default/all_courses.html: 0
[2014-12-03 16:33:57] EDIT Project/views/default/all_courses.html: 0
[2014-12-03 16:35:01] EDIT Project/views/default/all_courses.html: 0
[2014-12-03 16:35:18] EDIT Project/views/default/all_courses.html: 0
[2014-12-03 16:35:36] EDIT Project/views/default/all_courses.html: -1
[2014-12-03 16:35:46] EDIT Project/views/default/all_courses.html: 0
[2014-12-03 16:35:50] EDIT Project/views/default/all_courses.html: 0
[2014-12-03 16:36:04] DELETE Project/views/default/courses.html: -8
[2014-12-03 16:36:17] CREATE default/all_professors.html: 0
[2014-12-03 16:36:55] EDIT Project/views/default/all_professors.html: 4
[2014-12-03 16:37:06] EDIT Project/views/layout.html: 0
[2014-12-03 16:37:36] EDIT Project/controllers/default.py: 3
[2014-12-03 16:37:48] EDIT Project/views/layout.html: 0
[2014-12-03 16:39:40] EDIT Project/views/default/index.html: 0
[2014-12-03 16:43:03] CREATE default/course.html: 0
[2014-12-03 16:43:47] EDIT Project/views/default/course.html: 1
[2014-12-03 16:44:35] EDIT Project/views/default/course.html: 3
[2014-12-03 16:45:23] EDIT Project/controllers/default.py: 2
[2014-12-03 16:45:42] EDIT Project/controllers/default.py: 0
[2014-12-03 16:46:00] EDIT Project/controllers/default.py: 1
[2014-12-03 16:46:29] EDIT Project/views/default/all_courses.html: 0
[2014-12-03 16:46:40] EDIT Project/controllers/default.py: 0
[2014-12-03 16:46:43] EDIT Project/controllers/default.py: 0
[2014-12-03 16:46:55] EDIT Project/controllers/default.py: 0
[2014-12-03 16:46:59] EDIT Project/controllers/default.py: 0
[2014-12-03 16:47:02] EDIT Project/controllers/default.py: 0
[2014-12-03 16:50:49] EDIT Project/views/default/all_courses.html: 0
[2014-12-03 16:51:01] EDIT Project/views/default/all_courses.html: 0
[2014-12-03 16:51:03] EDIT Project/views/default/all_courses.html: 0
[2014-12-03 16:51:18] EDIT Project/views/default/all_courses.html: 0
[2014-12-03 16:51:22] EDIT Project/views/default/all_courses.html: 0
[2014-12-03 16:55:05] EDIT Project/views/default/course.html: -3
[2014-12-03 16:56:11] EDIT Project/views/default/all_courses.html: 0
[2014-12-03 16:56:35] EDIT Project/views/default/course.html: 3
[2014-12-03 17:13:13] EDIT Project/views/default/course.html: 2
[2014-12-03 17:13:43] EDIT Project/views/default/course.html: 3
[2014-12-03 17:15:00] EDIT Project/views/default/course.html: 1
[2014-12-03 17:15:30] EDIT Project/views/default/course.html: 0
[2014-12-03 17:15:31] EDIT Project/views/default/course.html: 0
[2014-12-03 17:15:32] EDIT Project/views/default/course.html: 0
[2014-12-03 17:15:32] EDIT Project/views/default/course.html: 0
[2014-12-03 17:15:32] EDIT Project/views/default/course.html: 0
[2014-12-03 17:15:32] EDIT Project/views/default/course.html: 0
[2014-12-03 17:15:32] EDIT Project/views/default/course.html: 0
[2014-12-03 17:15:32] EDIT Project/views/default/course.html: 0
[2014-12-03 17:16:11] EDIT Project/views/default/course.html: 0
[2014-12-03 17:16:37] EDIT Project/views/default/course.html: 0
[2014-12-03 17:18:39] EDIT Project/controllers/default.py: 0
[2014-12-03 17:18:49] EDIT Project/controllers/default.py: 0
[2014-12-03 17:19:57] EDIT Project/views/default/course.html: 0
[2014-12-03 17:20:16] EDIT Project/views/default/course.html: -1
[2014-12-03 17:20:27] EDIT Project/views/default/course.html: -2
[2014-12-03 17:22:24] EDIT Project/views/default/course.html: 9
[2014-12-03 17:22:48] EDIT Project/views/default/course.html: 0
[2014-12-03 17:24:07] EDIT Project/views/layout.html: 0
[2014-12-03 17:24:20] EDIT Project/views/layout.html: 0
[2014-12-03 17:24:36] EDIT Project/views/layout.html: 0
[2014-12-03 17:24:47] EDIT Project/views/layout.html: 0
[2014-12-03 17:34:48] EDIT Project/models/db.py: 4
[2014-12-03 17:35:03] EDIT Project/models/db.py: 0
[2014-12-03 17:35:17] EDIT Project/models/db.py: 0
[2014-12-03 17:35:29] EDIT Project/models/db.py: 0
[2014-12-03 17:35:33] EDIT Project/models/db.py: 0
[2014-12-03 17:39:37] EDIT Project/controllers/default.py: 5
[2014-12-03 17:39:55] EDIT Project/controllers/default.py: 0
[2014-12-03 17:41:31] EDIT Project/controllers/default.py: 0
[2014-12-03 17:42:09] EDIT Project/controllers/default.py: 0
[2014-12-03 17:42:35] EDIT Project/controllers/default.py: 0
[2014-12-03 17:43:23] EDIT Project/controllers/default.py: 0
[2014-12-03 17:44:08] EDIT Project/views/default/course.html: 10
[2014-12-03 17:45:03] EDIT Project/models/db.py: 0
[2014-12-03 17:45:18] EDIT Project/models/db.py: 0
[2014-12-03 17:45:43] EDIT Project/models/db.py: 0
[2014-12-03 17:47:52] EDIT Project/models/db.py: 0
[2014-12-03 17:47:53] EDIT Project/models/db.py: 0
[2014-12-03 17:47:59] EDIT Project/models/db.py: 0
[2014-12-03 17:48:10] EDIT Project/models/db.py: 0
[2014-12-03 17:51:46] EDIT Project/models/db.py: 0
[2014-12-03 17:51:53] EDIT Project/models/db.py: 0
[2014-12-03 17:52:52] EDIT Project/models/db.py: 0
[2014-12-03 17:54:50] EDIT Project/views/default/course.html: 0
[2014-12-03 17:55:30] EDIT Project/views/default/course.html: 0
[2014-12-03 17:58:32] EDIT Project/views/default/course.html: 1
[2014-12-03 17:58:38] EDIT Project/views/default/course.html: 0
[2014-12-03 17:59:02] EDIT Project/views/default/course.html: 0
[2014-12-03 17:59:25] EDIT Project/views/default/course.html: 0
[2014-12-03 17:59:43] EDIT Project/views/default/course.html: 0
[2014-12-03 18:05:07] EDIT Project/models/db.py: 1
[2014-12-03 18:06:55] EDIT Project/controllers/default.py: 8
[2014-12-03 18:08:04] CREATE default/professor.html: 0
[2014-12-03 18:11:23] EDIT Project/views/default/professor.html: 24
[2014-12-03 18:11:53] EDIT Project/views/default/all_professors.html: 0
[2014-12-03 18:18:16] EDIT Project/views/default/all_professors.html: 0
[2014-12-03 18:18:42] EDIT Project/views/default/all_professors.html: 0
[2014-12-03 18:19:58] EDIT Project/views/default/professor.html: 0
[2014-12-03 18:21:56] EDIT Project/views/default/course.html: -2
[2014-12-03 18:22:36] EDIT Project/views/default/course.html: 4
[2014-12-03 18:23:43] EDIT Project/views/default/course.html: 4
[2014-12-03 18:24:00] EDIT Project/views/default/course.html: 0
[2014-12-03 18:24:28] EDIT Project/views/default/course.html: 0
[2014-12-03 18:26:55] EDIT Project/views/default/professor.html: 0
[2014-12-03 18:27:19] EDIT Project/views/default/professor.html: 4
[2014-12-03 18:28:42] EDIT Project/views/default/professor.html: 0
[2014-12-03 18:30:45] EDIT Project/models/db.py: 3
[2014-12-03 18:31:09] EDIT Project/controllers/default.py: 2
[2014-12-03 18:31:15] EDIT Project/models/db.py: 0
[2014-12-03 18:31:17] EDIT Project/models/db.py: 0
[2014-12-03 18:31:51] EDIT Project/controllers/default.py: 1
[2014-12-03 18:32:33] EDIT Project/controllers/default.py: 1
[2014-12-03 18:33:07] EDIT Project/controllers/default.py: 3
[2014-12-03 18:33:20] EDIT Project/controllers/default.py: 2
[2014-12-03 18:46:32] EDIT Project/controllers/default.py: 0
[2014-12-06 12:53:52] EDIT RMC2/controllers/default.py: 0
[2014-12-06 12:54:18] EDIT RMC2/controllers/default.py: 0
[2014-12-06 12:54:18] EDIT RMC2/controllers/default.py: 0
[2014-12-06 12:56:28] EDIT RMC2/models/db.py: 0
[2014-12-06 12:56:35] EDIT RMC2/models/db.py: 0
[2014-12-06 12:56:37] EDIT RMC2/models/db.py: 0
[2014-12-06 12:56:37] EDIT RMC2/models/db.py: 0
[2014-12-06 12:56:37] EDIT RMC2/models/db.py: 0
[2014-12-06 12:56:37] EDIT RMC2/models/db.py: 0
[2014-12-06 12:56:39] EDIT RMC2/models/db.py: 0
[2014-12-06 12:56:44] EDIT RMC2/models/db.py: 0
[2014-12-06 12:57:09] EDIT RMC2/models/db.py: 0
[2014-12-06 12:57:24] EDIT RMC2/models/db.py: 0
[2014-12-06 12:57:39] EDIT RMC2/models/db.py: 0
[2014-12-06 12:58:18] EDIT RMC2/views/default/course.html: 0
[2014-12-06 12:58:28] EDIT RMC2/views/default/professor.html: 0
[2014-12-06 12:58:46] EDIT RMC2/views/default/professor.html: 1
[2014-12-06 12:58:54] EDIT RMC2/views/default/course.html: 1
[2014-12-06 13:21:09] EDIT RMC2/models/db.py: 1
[2014-12-06 13:21:10] EDIT RMC2/models/db.py: 0
[2014-12-06 13:21:39] EDIT RMC2/models/db.py: 0
[2014-12-06 13:45:14] EDIT RMC2/controllers/default.py: 3
[2014-12-06 13:48:00] EDIT RMC2/controllers/default.py: 1
[2014-12-06 13:48:14] EDIT RMC2/controllers/default.py: 0
[2014-12-06 13:48:57] EDIT RMC2/controllers/default.py: 0
[2014-12-06 13:52:27] EDIT RMC2/controllers/default.py: 0
[2014-12-06 13:53:40] EDIT RMC2/controllers/default.py: 0
[2014-12-06 13:55:08] EDIT RMC2/controllers/default.py: 0
[2014-12-06 13:55:40] EDIT RMC2/controllers/default.py: 0
[2014-12-06 13:58:33] EDIT RMC2/views/default/course.html: 0
[2014-12-06 14:00:23] EDIT RMC2/controllers/default.py: 0
[2014-12-06 14:00:48] EDIT RMC2/controllers/default.py: 0
[2014-12-06 14:00:57] EDIT RMC2/views/default/course.html: 0
[2014-12-06 14:01:37] EDIT RMC2/views/default/course.html: 0
[2014-12-06 14:03:45] EDIT RMC2/views/default/course.html: 0
[2014-12-06 14:07:17] EDIT RMC2/controllers/default.py: 0
[2014-12-06 14:07:53] EDIT RMC2/controllers/default.py: 1
[2014-12-06 14:07:59] EDIT RMC2/controllers/default.py: 0
[2014-12-06 14:08:07] EDIT RMC2/controllers/default.py: 0
[2014-12-06 14:08:07] EDIT RMC2/controllers/default.py: 0
[2014-12-06 14:08:11] EDIT RMC2/controllers/default.py: 0
[2014-12-06 14:08:42] EDIT RMC2/controllers/default.py: 1
[2014-12-06 14:09:19] EDIT RMC2/controllers/default.py: 0
[2014-12-06 14:10:48] EDIT RMC2/controllers/default.py: 0
[2014-12-06 14:11:14] EDIT RMC2/controllers/default.py: 0
[2014-12-06 14:11:59] EDIT RMC2/controllers/default.py: 0
[2014-12-06 14:15:35] EDIT RMC2/controllers/default.py: 0
[2014-12-06 14:16:29] EDIT RMC2/controllers/default.py: 0
[2014-12-06 14:17:22] EDIT RMC2/controllers/default.py: 0
[2014-12-06 14:35:13] EDIT RMC2/controllers/default.py: 0
[2014-12-06 14:35:20] EDIT RMC2/controllers/default.py: 0
[2014-12-06 14:35:30] EDIT RMC2/views/default/course.html: 0
[2014-12-06 14:35:50] EDIT RMC2/views/default/course.html: 0
[2014-12-06 14:36:18] EDIT RMC2/views/default/course.html: 0
[2014-12-06 14:36:29] EDIT RMC2/views/default/course.html: 0
[2014-12-06 14:36:45] EDIT RMC2/views/default/course.html: 0
[2014-12-06 14:38:00] EDIT RMC2/views/default/course.html: 0
[2014-12-06 14:38:06] EDIT RMC2/views/default/course.html: 0
[2014-12-06 14:46:10] EDIT RMC2/controllers/default.py: 0
[2014-12-06 14:46:25] EDIT RMC2/controllers/default.py: 0
[2014-12-06 14:47:50] EDIT RMC2/controllers/default.py: 0
[2014-12-06 14:47:54] EDIT RMC2/controllers/default.py: 0
[2014-12-06 14:48:06] EDIT RMC2/controllers/default.py: 0
[2014-12-06 14:49:13] EDIT RMC2/models/db.py: 0
[2014-12-06 14:49:22] EDIT RMC2/models/db.py: 0
[2014-12-06 14:49:37] EDIT RMC2/controllers/default.py: 0
[2014-12-06 14:49:37] EDIT RMC2/controllers/default.py: 0
[2014-12-06 14:49:37] EDIT RMC2/controllers/default.py: 0
[2014-12-06 14:50:58] EDIT RMC2/controllers/default.py: 0
[2014-12-06 14:51:43] EDIT RMC2/controllers/default.py: 0
[2014-12-06 14:51:55] EDIT RMC2/controllers/default.py: 0
[2014-12-06 14:51:57] EDIT RMC2/controllers/default.py: 0
[2014-12-06 14:52:23] EDIT RMC2/controllers/default.py: 0
[2014-12-06 14:52:41] EDIT RMC2/controllers/default.py: 0
[2014-12-06 14:53:23] EDIT RMC2/controllers/default.py: 0
[2014-12-06 14:56:01] EDIT RMC2/controllers/default.py: 3
[2014-12-06 14:59:46] EDIT RMC2/controllers/default.py: 2
[2014-12-06 15:00:12] EDIT RMC2/controllers/default.py: 0
[2014-12-06 15:05:03] EDIT RMC2/controllers/default.py: 2
[2014-12-06 15:07:12] EDIT RMC2/controllers/default.py: 0
[2014-12-06 15:07:44] EDIT RMC2/views/default/course.html: 0
[2014-12-06 15:08:47] EDIT RMC2/controllers/default.py: 0
[2014-12-06 15:17:55] EDIT RMC2/controllers/default.py: 1
[2014-12-06 15:18:03] EDIT RMC2/controllers/default.py: 0
[2014-12-06 15:18:12] EDIT RMC2/views/default/course.html: 0
[2014-12-06 15:18:47] EDIT RMC2/controllers/default.py: 0
[2014-12-06 15:19:59] EDIT RMC2/controllers/default.py: 0
[2014-12-06 15:20:21] EDIT RMC2/views/default/course.html: 0
[2014-12-06 15:21:24] EDIT RMC2/views/default/course.html: 0
[2014-12-06 15:21:58] EDIT RMC2/controllers/default.py: 0
[2014-12-06 15:22:09] EDIT RMC2/controllers/default.py: 0
[2014-12-06 15:22:17] EDIT RMC2/controllers/default.py: 0
[2014-12-06 15:22:59] EDIT RMC2/controllers/default.py: 0
[2014-12-06 15:23:10] EDIT RMC2/views/default/course.html: 0
[2014-12-06 15:23:39] EDIT RMC2/views/default/course.html: 0
[2014-12-06 15:25:33] EDIT RMC2/views/default/course.html: 0
[2014-12-06 15:26:19] EDIT RMC2/views/default/course.html: 3
[2014-12-06 15:26:40] EDIT RMC2/views/default/course.html: 0
[2014-12-06 15:27:26] EDIT RMC2/views/default/course.html: 2
[2014-12-06 15:27:57] EDIT RMC2/views/default/course.html: 0
[2014-12-06 15:28:27] EDIT RMC2/views/default/course.html: 0
[2014-12-06 15:29:49] EDIT RMC2/views/default/course.html: -5
[2014-12-06 15:29:59] EDIT RMC2/views/default/course.html: 0
[2014-12-06 15:31:32] EDIT RMC2/models/db.py: 0
[2014-12-06 15:31:46] EDIT RMC2/models/db.py: 0
[2014-12-06 15:32:34] EDIT RMC2/views/default/course.html: 0
[2014-12-06 15:32:35] EDIT RMC2/views/default/course.html: 0
[2014-12-06 15:32:37] EDIT RMC2/views/default/course.html: 0
[2014-12-06 15:33:55] EDIT RMC2/views/default/course.html: 0
[2014-12-06 15:34:32] EDIT RMC2/views/default/course.html: 0
[2014-12-06 15:34:32] EDIT RMC2/views/default/course.html: 0
[2014-12-06 15:34:32] EDIT RMC2/views/default/course.html: 0
[2014-12-06 15:35:35] EDIT RMC2/views/default/course.html: 0
[2014-12-06 15:41:09] EDIT RMC2/controllers/default.py: 0
[2014-12-06 15:41:22] EDIT RMC2/views/default/course.html: 0
[2014-12-06 15:41:59] EDIT RMC2/models/db.py: 0
[2014-12-06 15:43:42] EDIT RMC2/views/default/course.html: 0
[2014-12-06 15:43:56] EDIT RMC2/views/default/course.html: 0
[2014-12-06 15:44:09] EDIT RMC2/views/default/course.html: 0
[2014-12-06 15:45:46] EDIT RMC2/controllers/default.py: 0
[2014-12-06 15:45:51] EDIT RMC2/controllers/default.py: 0
[2014-12-06 15:46:01] EDIT RMC2/controllers/default.py: 0
[2014-12-06 15:46:08] EDIT RMC2/controllers/default.py: 0
[2014-12-06 15:48:18] EDIT RMC2/controllers/default.py: 1
[2014-12-06 15:48:32] EDIT RMC2/controllers/default.py: 0
[2014-12-06 15:48:55] EDIT RMC2/controllers/default.py: 0
[2014-12-06 15:49:00] EDIT RMC2/views/default/course.html: 0
[2014-12-06 15:49:13] EDIT RMC2/controllers/default.py: 0
[2014-12-06 15:49:22] EDIT RMC2/controllers/default.py: 0
[2014-12-06 15:50:21] EDIT RMC2/controllers/default.py: 0
[2014-12-06 15:51:01] EDIT RMC2/controllers/default.py: 0
[2014-12-06 15:51:07] EDIT RMC2/controllers/default.py: 0
[2014-12-06 15:51:19] EDIT RMC2/controllers/default.py: 0
[2014-12-06 15:51:23] EDIT RMC2/controllers/default.py: 0
[2014-12-06 15:51:23] EDIT RMC2/controllers/default.py: 0
[2014-12-06 15:52:01] EDIT RMC2/views/default/course.html: 0
[2014-12-06 15:52:04] EDIT RMC2/views/default/course.html: 0
[2014-12-06 15:52:30] EDIT RMC2/views/default/course.html: 0
[2014-12-06 15:52:53] EDIT RMC2/controllers/default.py: 0
[2014-12-06 15:53:13] EDIT RMC2/controllers/default.py: 0
[2014-12-06 15:53:26] EDIT RMC2/controllers/default.py: 0
[2014-12-06 15:53:56] EDIT RMC2/controllers/default.py: 0
[2014-12-06 15:54:21] EDIT RMC2/controllers/default.py: 0
[2014-12-06 15:54:35] EDIT RMC2/controllers/default.py: 0
[2014-12-06 15:55:04] EDIT RMC2/controllers/default.py: 1
[2014-12-06 15:55:55] EDIT RMC2/controllers/default.py: 2
[2014-12-06 15:56:29] EDIT RMC2/controllers/default.py: 0
[2014-12-06 15:57:41] EDIT RMC2/controllers/default.py: 3
[2014-12-06 15:57:54] EDIT RMC2/views/default/course.html: 0
[2014-12-06 15:58:21] EDIT RMC2/views/default/course.html: 0
[2014-12-06 16:02:30] EDIT RMC2/controllers/default.py: 0
[2014-12-06 16:03:33] EDIT RMC2/controllers/default.py: -3
[2014-12-06 16:03:51] EDIT RMC2/views/default/course.html: 0
[2014-12-06 16:07:19] EDIT RMC2/controllers/default.py: 0
[2014-12-06 16:07:19] EDIT RMC2/controllers/default.py: 0
[2014-12-06 16:07:40] EDIT RMC2/controllers/default.py: 0
[2014-12-06 16:09:48] EDIT RMC2/views/default/course.html: 8
[2014-12-06 16:10:48] EDIT RMC2/views/default/course.html: -8
[2014-12-06 16:11:54] EDIT RMC2/views/default/course.html: 7
[2014-12-06 16:12:01] EDIT RMC2/views/default/course.html: 0
[2014-12-06 16:12:19] EDIT RMC2/views/default/course.html: 0
[2014-12-06 16:12:42] EDIT RMC2/views/default/course.html: -1
[2014-12-06 16:13:04] EDIT RMC2/views/default/course.html: 1
[2014-12-06 16:13:34] EDIT RMC2/views/default/course.html: 0
[2014-12-06 16:15:20] EDIT RMC2/controllers/default.py: 1
[2014-12-06 16:15:41] EDIT RMC2/views/default/course.html: 0
[2014-12-06 16:15:42] EDIT RMC2/views/default/course.html: 0
[2014-12-06 16:15:49] EDIT RMC2/controllers/default.py: 0
[2014-12-06 16:17:09] EDIT RMC2/controllers/default.py: 3
[2014-12-06 16:17:12] EDIT RMC2/controllers/default.py: 0
[2014-12-06 16:18:28] EDIT RMC2/views/default/course.html: 21
[2014-12-06 16:19:28] EDIT RMC2/views/default/course.html: 0
[2014-12-06 16:20:22] EDIT RMC2/views/default/course.html: -21
[2014-12-06 16:21:12] EDIT RMC2/views/default/course.html: 3
[2014-12-06 16:22:12] EDIT RMC2/views/default/course.html: 6
[2014-12-06 16:22:30] EDIT RMC2/views/default/course.html: 0
[2014-12-06 16:22:49] EDIT RMC2/views/default/course.html: 0
[2014-12-06 16:24:20] EDIT RMC2/controllers/default.py: -5
[2014-12-06 16:24:45] EDIT RMC2/controllers/default.py: 4
[2014-12-06 16:25:48] EDIT RMC2/controllers/default.py: 0
[2014-12-06 16:27:16] EDIT RMC2/controllers/default.py: 1
[2014-12-06 16:27:35] EDIT RMC2/controllers/default.py: 0
[2014-12-06 16:28:52] EDIT RMC2/controllers/default.py: 0
[2014-12-06 16:29:05] EDIT RMC2/controllers/default.py: 0
[2014-12-06 16:30:22] EDIT RMC2/controllers/default.py: 4
[2014-12-06 16:30:41] EDIT RMC2/controllers/default.py: 0
[2014-12-06 16:31:19] EDIT RMC2/controllers/default.py: -5
[2014-12-06 16:33:55] EDIT RMC2/controllers/default.py: 0
[2014-12-06 16:33:56] EDIT RMC2/controllers/default.py: 0
[2014-12-06 16:34:10] EDIT RMC2/views/default/course.html: 0
[2014-12-06 16:36:42] EDIT RMC2/controllers/default.py: 1
[2014-12-06 16:36:49] EDIT RMC2/controllers/default.py: -1
[2014-12-06 16:41:51] EDIT RMC2/controllers/default.py: 0
[2014-12-06 16:42:15] EDIT RMC2/controllers/default.py: 0
[2014-12-06 16:42:27] EDIT RMC2/controllers/default.py: 0
[2014-12-06 16:43:07] EDIT RMC2/controllers/default.py: 0
[2014-12-06 16:43:42] EDIT RMC2/controllers/default.py: 0
[2014-12-06 16:44:34] EDIT RMC2/controllers/default.py: 0
[2014-12-06 16:46:24] EDIT RMC2/controllers/default.py: 0
[2014-12-06 16:47:29] EDIT RMC2/controllers/default.py: 4
[2014-12-06 16:47:36] EDIT RMC2/controllers/default.py: 0
[2014-12-06 16:47:48] EDIT RMC2/controllers/default.py: 0
[2014-12-06 16:49:58] EDIT RMC2/controllers/default.py: -4
[2014-12-06 16:50:08] EDIT RMC2/controllers/default.py: 0
[2014-12-06 16:51:58] EDIT RMC2/controllers/default.py: 1
[2014-12-06 16:54:16] EDIT RMC2/views/default/course.html: 0
[2014-12-06 16:56:23] EDIT RMC2/controllers/default.py: -1
[2014-12-06 16:56:36] EDIT RMC2/controllers/default.py: 0
[2014-12-06 16:56:51] EDIT RMC2/controllers/default.py: 0
[2014-12-06 16:58:02] EDIT RMC2/controllers/default.py: 0
[2014-12-06 16:58:23] EDIT RMC2/controllers/default.py: 0
[2014-12-06 16:58:54] EDIT RMC2/controllers/default.py: 0
[2014-12-06 17:01:23] EDIT RMC2/models/db.py: 2
[2014-12-06 17:01:58] EDIT RMC2/controllers/default.py: 0
[2014-12-06 17:02:30] EDIT RMC2/controllers/default.py: 0
[2014-12-06 17:02:40] EDIT RMC2/controllers/default.py: 0
[2014-12-06 17:03:25] EDIT RMC2/models/db.py: 0
[2014-12-06 17:07:26] EDIT RMC2/controllers/default.py: 0
[2014-12-06 17:07:31] EDIT RMC2/controllers/default.py: 0
[2014-12-06 17:08:01] EDIT RMC2/controllers/default.py: 0
[2014-12-06 17:08:19] EDIT RMC2/controllers/default.py: 0
[2014-12-06 17:14:32] EDIT RMC2/models/db.py: 0
[2014-12-06 17:14:34] EDIT RMC2/models/db.py: 0
[2014-12-06 17:14:45] EDIT RMC2/models/db.py: 0
[2014-12-06 17:15:41] EDIT RMC2/controllers/default.py: 0
[2014-12-06 17:16:34] EDIT RMC2/views/default/course.html: 0
[2014-12-06 17:17:45] EDIT RMC2/controllers/default.py: 0
[2014-12-06 17:19:37] EDIT RMC2/controllers/default.py: 0
[2014-12-06 17:20:57] EDIT RMC2/controllers/default.py: 0
[2014-12-06 17:22:20] EDIT RMC2/controllers/default.py: 2
[2014-12-06 17:27:25] EDIT RMC2/controllers/default.py: -2
[2014-12-06 17:33:10] EDIT RMC2/controllers/default.py: 0
[2014-12-06 17:34:09] EDIT RMC2/controllers/default.py: 0
[2014-12-06 17:35:59] EDIT RMC2/controllers/default.py: 0
[2014-12-06 17:36:48] EDIT RMC2/controllers/default.py: -1
[2014-12-06 17:41:26] EDIT RMC2/controllers/default.py: 0
[2014-12-06 17:42:40] EDIT RMC2/controllers/default.py: 2
[2014-12-06 17:42:51] EDIT RMC2/controllers/default.py: 0
[2014-12-06 17:43:02] EDIT RMC2/controllers/default.py: 0
[2014-12-06 17:43:08] EDIT RMC2/controllers/default.py: 0
[2014-12-06 17:43:12] EDIT RMC2/controllers/default.py: 0
[2014-12-06 17:45:29] EDIT RMC2/controllers/default.py: 0
[2014-12-06 17:47:19] EDIT RMC2/controllers/default.py: 0
[2014-12-06 17:48:02] EDIT RMC2/controllers/default.py: 1
[2014-12-06 17:48:11] EDIT RMC2/controllers/default.py: 0
[2014-12-06 17:48:33] EDIT RMC2/controllers/default.py: 0
[2014-12-06 17:51:31] EDIT RMC2/controllers/default.py: 0
[2014-12-06 17:54:44] EDIT RMC2/controllers/default.py: 0
[2014-12-06 17:55:00] EDIT RMC2/controllers/default.py: 0
[2014-12-06 17:55:24] EDIT RMC2/controllers/default.py: 0
[2014-12-06 17:56:08] EDIT RMC2/controllers/default.py: 0
[2014-12-06 17:58:06] EDIT RMC2/controllers/default.py: 0
[2014-12-06 17:58:28] EDIT RMC2/controllers/default.py: 0
[2014-12-06 17:58:30] EDIT RMC2/controllers/default.py: 0
[2014-12-06 17:58:42] EDIT RMC2/controllers/default.py: 0
[2014-12-06 17:58:51] EDIT RMC2/controllers/default.py: 0
[2014-12-06 17:59:04] EDIT RMC2/controllers/default.py: 0
[2014-12-06 18:03:47] EDIT RMC2/controllers/default.py: 0
[2014-12-06 18:06:45] EDIT RMC2/controllers/default.py: 0
[2014-12-06 18:07:01] EDIT RMC2/controllers/default.py: 0
[2014-12-06 18:07:21] EDIT RMC2/controllers/default.py: 0
[2014-12-06 18:08:17] EDIT RMC2/controllers/default.py: 0
[2014-12-06 18:09:34] EDIT RMC2/controllers/default.py: 0
[2014-12-06 18:10:29] EDIT RMC2/models/db.py: 0
[2014-12-06 18:16:34] EDIT RMC2/controllers/default.py: 1
[2014-12-06 18:17:41] EDIT RMC2/controllers/default.py: 0
[2014-12-06 18:18:52] EDIT RMC2/controllers/default.py: -1
[2014-12-06 18:33:21] EDIT RMC2/controllers/default.py: 3
[2014-12-06 18:33:46] EDIT RMC2/controllers/default.py: 1
[2014-12-06 18:36:58] EDIT RMC2/controllers/default.py: 0
[2014-12-06 18:38:48] EDIT RMC2/controllers/default.py: 2
[2014-12-06 18:39:42] EDIT RMC2/controllers/default.py: 1
[2014-12-06 18:40:36] EDIT RMC2/controllers/default.py: -1
[2014-12-06 18:42:15] EDIT RMC2/controllers/default.py: 0
[2014-12-06 18:42:30] EDIT RMC2/controllers/default.py: 0
[2014-12-06 18:42:31] EDIT RMC2/controllers/default.py: 0
[2014-12-06 18:42:31] EDIT RMC2/controllers/default.py: 0
[2014-12-06 18:43:40] EDIT RMC2/controllers/default.py: 0
[2014-12-06 18:44:24] EDIT RMC2/controllers/default.py: 0
[2014-12-06 18:53:08] EDIT RMC2/controllers/default.py: 2
[2014-12-06 18:53:23] EDIT RMC2/controllers/default.py: 0
[2014-12-06 18:53:59] EDIT RMC2/controllers/default.py: 0
[2014-12-06 18:54:02] EDIT RMC2/controllers/default.py: 0
[2014-12-06 18:59:25] EDIT RMC2/controllers/default.py: 1
[2014-12-06 19:00:08] EDIT RMC2/controllers/default.py: 1
[2014-12-06 19:00:11] EDIT RMC2/controllers/default.py: 0
[2014-12-06 19:01:01] EDIT RMC2/controllers/default.py: 0
[2014-12-06 19:01:51] EDIT RMC2/controllers/default.py: 1
[2014-12-06 19:02:12] EDIT RMC2/controllers/default.py: 0
[2014-12-06 19:03:51] EDIT RMC2/controllers/default.py: -4
[2014-12-06 19:08:44] EDIT RMC2/controllers/default.py: -1
[2014-12-06 19:09:08] EDIT RMC2/controllers/default.py: 0
[2014-12-06 19:09:34] EDIT RMC2/controllers/default.py: 0
[2014-12-06 19:12:12] EDIT RMC2/controllers/default.py: -1
[2014-12-06 19:12:15] EDIT RMC2/controllers/default.py: 0
[2014-12-06 19:12:24] EDIT RMC2/controllers/default.py: -2
[2014-12-06 19:15:08] EDIT RMC2/controllers/default.py: 1
[2014-12-06 19:16:19] EDIT RMC2/controllers/default.py: 0
[2014-12-06 19:19:15] EDIT RMC2/controllers/default.py: 0
[2014-12-06 19:19:22] EDIT RMC2/controllers/default.py: 0
[2014-12-06 19:21:15] EDIT RMC2/controllers/default.py: 0
[2014-12-06 19:22:08] EDIT RMC2/controllers/default.py: 0
[2014-12-06 19:25:06] EDIT RMC2/controllers/default.py: 0
[2014-12-06 19:25:36] EDIT RMC2/controllers/default.py: 0
[2014-12-06 19:25:39] EDIT RMC2/controllers/default.py: 0
[2014-12-06 19:39:17] EDIT RMC2/controllers/default.py: 5
[2014-12-06 19:39:29] EDIT RMC2/controllers/default.py: 0
[2014-12-06 19:40:42] EDIT RMC2/controllers/default.py: 0
[2014-12-06 19:41:59] EDIT RMC2/controllers/default.py: 0
[2014-12-06 19:43:48] EDIT RMC2/controllers/default.py: 0
[2014-12-06 19:44:26] EDIT RMC2/controllers/default.py: 1
[2014-12-06 19:45:02] EDIT RMC2/controllers/default.py: 0
[2014-12-06 19:45:06] EDIT RMC2/controllers/default.py: 0
[2014-12-06 19:45:14] EDIT RMC2/controllers/default.py: 0
[2014-12-06 19:45:29] EDIT RMC2/controllers/default.py: 0
[2014-12-06 19:45:42] EDIT RMC2/controllers/default.py: -1
[2014-12-06 19:46:25] EDIT RMC2/controllers/default.py: 0
[2014-12-06 19:46:39] EDIT RMC2/controllers/default.py: 0
[2014-12-06 19:48:44] EDIT RMC2/controllers/default.py: 0
[2014-12-06 19:49:00] EDIT RMC2/controllers/default.py: 0
[2014-12-06 19:49:18] EDIT RMC2/controllers/default.py: 0
[2014-12-06 19:50:00] EDIT RMC2/controllers/default.py: 0
[2014-12-06 19:51:03] EDIT RMC2/controllers/default.py: 0
[2014-12-06 19:51:45] EDIT RMC2/controllers/default.py: 0
[2014-12-06 19:52:07] EDIT RMC2/controllers/default.py: 0
[2014-12-06 19:52:22] EDIT RMC2/controllers/default.py: 0
[2014-12-06 19:55:06] EDIT RMC2/controllers/default.py: 0
[2014-12-06 19:55:32] EDIT RMC2/controllers/default.py: 0
[2014-12-06 19:55:50] EDIT RMC2/controllers/default.py: 0
[2014-12-06 19:56:44] EDIT RMC2/controllers/default.py: 0
[2014-12-06 19:57:08] EDIT RMC2/controllers/default.py: 0
[2014-12-06 20:00:05] EDIT RMC2/controllers/default.py: 0
[2014-12-06 20:00:24] EDIT RMC2/controllers/default.py: 0
[2014-12-06 20:00:25] EDIT RMC2/controllers/default.py: 0
[2014-12-06 20:00:26] EDIT RMC2/controllers/default.py: 0
[2014-12-06 20:00:26] EDIT RMC2/controllers/default.py: 0
[2014-12-06 20:00:26] EDIT RMC2/controllers/default.py: 0
[2014-12-06 20:00:33] EDIT RMC2/controllers/default.py: 0
[2014-12-06 20:01:00] EDIT RMC2/controllers/default.py: 1
[2014-12-06 20:01:22] EDIT RMC2/controllers/default.py: 0
[2014-12-06 20:02:09] EDIT RMC2/controllers/default.py: 0
[2014-12-06 20:03:14] EDIT RMC2/controllers/default.py: 0
[2014-12-06 20:03:41] EDIT RMC2/controllers/default.py: -4
[2014-12-06 20:03:54] EDIT RMC2/controllers/default.py: 0
[2014-12-06 20:05:18] EDIT RMC2/controllers/default.py: 0
[2014-12-06 20:10:24] EDIT RMC2/controllers/default.py: 4
[2014-12-06 20:10:38] EDIT RMC2/controllers/default.py: 0
[2014-12-06 20:11:00] EDIT RMC2/controllers/default.py: 0
[2014-12-06 20:11:30] EDIT RMC2/controllers/default.py: 0
[2014-12-06 20:11:37] EDIT RMC2/controllers/default.py: 0
[2014-12-06 20:12:02] EDIT RMC2/controllers/default.py: 0
[2014-12-06 20:12:13] EDIT RMC2/controllers/default.py: 0
[2014-12-06 20:14:02] EDIT RMC2/controllers/default.py: 0
[2014-12-06 20:14:15] EDIT RMC2/controllers/default.py: 0
[2014-12-06 20:15:49] EDIT RMC2/controllers/default.py: 0
[2014-12-06 20:16:04] EDIT RMC2/controllers/default.py: 0
[2014-12-06 20:16:34] EDIT RMC2/controllers/default.py: 0
[2014-12-06 20:17:51] EDIT RMC2/controllers/default.py: 0
[2014-12-06 20:18:07] EDIT RMC2/views/default/course.html: 0
[2014-12-06 20:18:11] EDIT RMC2/views/default/course.html: 0
[2014-12-06 20:18:15] EDIT RMC2/views/default/course.html: 0
[2014-12-06 20:18:22] EDIT RMC2/controllers/default.py: 0
[2014-12-06 20:18:32] EDIT RMC2/controllers/default.py: 1
[2014-12-06 20:18:35] EDIT RMC2/controllers/default.py: 0
[2014-12-06 20:18:45] EDIT RMC2/controllers/default.py: 0
[2014-12-06 20:18:54] EDIT RMC2/controllers/default.py: 1
[2014-12-06 20:20:56] EDIT RMC2/controllers/default.py: 0
[2014-12-06 20:21:18] EDIT RMC2/controllers/default.py: 0
[2014-12-06 20:21:39] EDIT RMC2/controllers/default.py: 0
[2014-12-06 20:21:44] EDIT RMC2/controllers/default.py: 0
[2014-12-06 20:21:58] EDIT RMC2/controllers/default.py: 0
[2014-12-06 20:22:14] EDIT RMC2/controllers/default.py: 0
[2014-12-06 20:22:32] EDIT RMC2/controllers/default.py: 1
[2014-12-06 20:22:53] EDIT RMC2/controllers/default.py: 1
[2014-12-06 20:23:09] EDIT RMC2/controllers/default.py: -1
[2014-12-06 20:24:23] EDIT RMC2/controllers/default.py: 0
[2014-12-06 20:24:41] EDIT RMC2/controllers/default.py: 0
[2014-12-06 20:25:22] EDIT RMC2/controllers/default.py: 1
[2014-12-06 20:26:04] EDIT RMC2/controllers/default.py: 0
[2014-12-06 20:26:48] EDIT RMC2/controllers/default.py: 0
[2014-12-06 20:27:59] EDIT RMC2/controllers/default.py: 0
[2014-12-06 20:29:01] EDIT RMC2/controllers/default.py: 2
[2014-12-06 20:30:22] EDIT RMC2/controllers/default.py: 0
[2014-12-06 20:32:07] EDIT RMC2/controllers/default.py: -1
[2014-12-06 20:32:34] EDIT RMC2/controllers/default.py: -3
[2014-12-06 20:33:56] EDIT RMC2/controllers/default.py: 1
[2014-12-06 20:33:58] EDIT RMC2/controllers/default.py: 0
[2014-12-06 20:35:26] EDIT RMC2/controllers/default.py: 0
[2014-12-06 20:37:59] EDIT RMC2/controllers/default.py: 7
[2014-12-06 20:38:07] EDIT RMC2/controllers/default.py: 0
[2014-12-06 20:38:08] EDIT RMC2/controllers/default.py: 0
[2014-12-06 20:38:09] EDIT RMC2/controllers/default.py: 0
[2014-12-06 20:38:12] EDIT RMC2/controllers/default.py: 0
[2014-12-06 20:40:16] EDIT RMC2/controllers/default.py: 0
[2014-12-06 20:42:49] EDIT RMC2/controllers/default.py: -1
[2014-12-06 20:43:26] EDIT RMC2/controllers/default.py: 0
[2014-12-06 20:43:28] EDIT RMC2/controllers/default.py: 0
[2014-12-06 20:43:28] EDIT RMC2/controllers/default.py: 0
[2014-12-06 20:43:28] EDIT RMC2/controllers/default.py: 0
[2014-12-06 20:43:29] EDIT RMC2/controllers/default.py: 0
[2014-12-06 20:43:29] EDIT RMC2/controllers/default.py: 0
[2014-12-06 20:44:11] EDIT RMC2/controllers/default.py: 0
[2014-12-06 20:47:01] EDIT RMC2/views/default/course.html: 1
[2014-12-06 20:49:35] EDIT RMC2/controllers/default.py: 2
[2014-12-06 20:49:40] EDIT RMC2/controllers/default.py: 0
[2014-12-06 20:51:29] EDIT RMC2/views/default/course.html: -1
[2014-12-06 20:51:31] EDIT RMC2/views/default/course.html: 0
[2014-12-06 20:51:35] EDIT RMC2/views/default/course.html: 0
[2014-12-06 20:52:26] EDIT RMC2/controllers/default.py: 2
[2014-12-06 20:52:52] EDIT RMC2/controllers/default.py: -2
[2014-12-06 20:53:53] EDIT RMC2/controllers/default.py: 0
[2014-12-06 20:55:45] EDIT RMC2/controllers/default.py: 0
[2014-12-06 20:55:47] EDIT RMC2/controllers/default.py: 0
[2014-12-06 20:55:55] EDIT RMC2/controllers/default.py: 0
[2014-12-06 20:56:32] EDIT RMC2/controllers/default.py: 1
[2014-12-06 20:56:32] EDIT RMC2/controllers/default.py: 0
[2014-12-06 20:56:32] EDIT RMC2/controllers/default.py: 0
[2014-12-06 20:56:33] EDIT RMC2/controllers/default.py: 0
[2014-12-06 20:56:33] EDIT RMC2/controllers/default.py: 0
[2014-12-06 20:56:33] EDIT RMC2/controllers/default.py: 0
[2014-12-06 20:56:33] EDIT RMC2/controllers/default.py: 0
[2014-12-06 20:57:06] EDIT RMC2/controllers/default.py: 0
[2014-12-06 20:57:07] EDIT RMC2/controllers/default.py: 0
[2014-12-06 20:57:07] EDIT RMC2/controllers/default.py: 0
[2014-12-06 20:57:07] EDIT RMC2/controllers/default.py: 0
[2014-12-06 20:57:11] EDIT RMC2/controllers/default.py: 0
[2014-12-06 20:57:11] EDIT RMC2/controllers/default.py: 0
[2014-12-06 20:57:52] EDIT RMC2/controllers/default.py: 0
[2014-12-06 20:57:52] EDIT RMC2/controllers/default.py: 0
[2014-12-06 20:57:53] EDIT RMC2/controllers/default.py: 0
[2014-12-06 20:58:29] EDIT RMC2/controllers/default.py: 0
[2014-12-06 20:59:17] EDIT RMC2/controllers/default.py: 0
[2014-12-06 20:59:37] EDIT RMC2/controllers/default.py: 0
[2014-12-06 21:02:32] EDIT RMC2/controllers/default.py: -2
[2014-12-06 21:02:37] EDIT RMC2/controllers/default.py: 0
[2014-12-06 21:02:40] EDIT RMC2/controllers/default.py: 0
[2014-12-06 21:03:56] EDIT RMC2/controllers/default.py: -1
[2014-12-06 21:06:47] EDIT RMC2/controllers/default.py: 1
[2014-12-06 21:06:49] EDIT RMC2/controllers/default.py: 0
[2014-12-06 21:07:34] EDIT RMC2/controllers/default.py: 1
[2014-12-06 21:07:37] EDIT RMC2/controllers/default.py: 1
[2014-12-06 21:08:31] EDIT RMC2/controllers/default.py: 0
[2014-12-06 21:08:52] EDIT RMC2/controllers/default.py: -7
[2014-12-06 21:10:22] EDIT RMC2/controllers/default.py: 0
[2014-12-06 21:14:43] EDIT RMC2/views/default/course.html: 4
[2014-12-06 21:15:08] EDIT RMC2/controllers/default.py: 0
[2014-12-06 21:15:35] EDIT RMC2/views/default/course.html: 1
[2014-12-06 21:15:37] EDIT RMC2/views/default/course.html: 0
[2014-12-06 21:15:56] EDIT RMC2/controllers/default.py: 0
[2014-12-06 21:16:50] EDIT RMC2/controllers/default.py: 0
[2014-12-06 21:17:10] EDIT RMC2/views/default/course.html: -5
[2014-12-06 21:17:17] EDIT RMC2/controllers/default.py: 0
[2014-12-06 21:17:39] EDIT RMC2/controllers/default.py: -3
[2014-12-06 21:21:36] EDIT RMC2/models/db.py: 1
[2014-12-06 21:21:41] EDIT RMC2/models/db.py: 0
[2014-12-06 21:21:50] EDIT RMC2/models/db.py: 0
[2014-12-06 21:21:54] EDIT RMC2/models/db.py: 0
[2014-12-06 21:25:11] EDIT RMC2/controllers/default.py: 1
[2014-12-06 21:27:35] EDIT RMC2/controllers/default.py: 2
[2014-12-06 21:28:49] EDIT RMC2/controllers/default.py: 0
[2014-12-06 21:30:03] EDIT RMC2/controllers/default.py: 1
[2014-12-06 21:30:07] EDIT RMC2/controllers/default.py: 0
[2014-12-06 21:31:56] EDIT RMC2/controllers/default.py: 0
[2014-12-06 21:32:35] EDIT RMC2/controllers/default.py: 1
[2014-12-06 21:32:38] EDIT RMC2/controllers/default.py: 0
[2014-12-06 21:32:51] EDIT RMC2/controllers/default.py: 0
[2014-12-06 21:37:44] EDIT RMC2/controllers/default.py: 1
[2014-12-06 21:37:48] EDIT RMC2/controllers/default.py: 0
[2014-12-06 21:39:01] EDIT RMC2/controllers/default.py: 2
[2014-12-06 21:39:04] EDIT RMC2/controllers/default.py: 0
[2014-12-06 21:39:06] EDIT RMC2/controllers/default.py: 0
[2014-12-06 21:40:03] EDIT RMC2/controllers/default.py: 1
[2014-12-06 21:40:09] EDIT RMC2/controllers/default.py: 0
[2014-12-06 21:40:13] EDIT RMC2/controllers/default.py: 0
[2014-12-06 21:41:52] EDIT RMC2/controllers/default.py: 0
[2014-12-06 21:43:07] EDIT RMC2/controllers/default.py: 0
[2014-12-06 21:43:12] EDIT RMC2/controllers/default.py: 0
[2014-12-06 21:44:25] EDIT RMC2/controllers/default.py: 0
[2014-12-06 21:44:36] EDIT RMC2/controllers/default.py: 1
[2014-12-06 21:45:31] EDIT RMC2/controllers/default.py: -2
[2014-12-06 21:45:38] EDIT RMC2/controllers/default.py: 0
[2014-12-06 21:45:50] EDIT RMC2/controllers/default.py: 0
[2014-12-06 21:46:08] EDIT RMC2/controllers/default.py: 0
[2014-12-06 21:46:47] EDIT RMC2/controllers/default.py: 0
[2014-12-06 21:46:55] EDIT RMC2/controllers/default.py: 1
[2014-12-06 21:47:43] EDIT RMC2/controllers/default.py: 0
[2014-12-06 21:48:16] EDIT RMC2/controllers/default.py: 0
[2014-12-06 21:48:19] EDIT RMC2/controllers/default.py: 0
[2014-12-06 21:48:30] EDIT RMC2/controllers/default.py: 1
[2014-12-06 21:48:51] EDIT RMC2/controllers/default.py: -1
[2014-12-06 21:49:55] EDIT RMC2/views/default/course.html: 1
[2014-12-06 21:50:31] EDIT RMC2/views/default/course.html: -2
[2014-12-06 21:50:35] EDIT RMC2/views/default/course.html: 0
[2014-12-06 21:52:15] EDIT RMC2/views/default/course.html: -1
[2014-12-06 21:52:34] EDIT RMC2/views/default/course.html: 0
[2014-12-06 21:52:58] EDIT RMC2/views/default/course.html: 0
[2014-12-06 21:53:35] EDIT RMC2/views/default/course.html: 0
[2014-12-06 21:57:54] EDIT RMC2/models/db.py: 0
[2014-12-06 21:57:55] EDIT RMC2/models/db.py: 0
[2014-12-06 21:57:55] EDIT RMC2/models/db.py: 0
[2014-12-06 21:57:55] EDIT RMC2/models/db.py: 0
[2014-12-06 21:57:55] EDIT RMC2/models/db.py: 0
[2014-12-06 21:57:56] EDIT RMC2/models/db.py: 0
[2014-12-06 21:57:56] EDIT RMC2/models/db.py: 0
[2014-12-06 22:05:00] EDIT RMC2/views/layout.html: 32
[2014-12-06 22:06:05] EDIT RMC2/views/layout.html: 0
[2014-12-06 22:07:10] EDIT RMC2/views/layout.html: -32
[2014-12-06 22:08:16] EDIT RMC2/views/layout.html: 32
[2014-12-06 22:08:25] EDIT RMC2/models/db.py: 0
[2014-12-06 22:11:15] EDIT RMC2/views/default/index.html: 9
[2014-12-06 22:18:21] EDIT RMC2/views/default/course.html: 72
[2014-12-06 22:23:07] EDIT RMC2/views/default/course.html: 0
[2014-12-06 22:23:52] EDIT RMC2/views/default/course.html: 0
[2014-12-06 22:24:04] EDIT RMC2/views/default/course.html: 0
[2014-12-06 22:26:41] EDIT RMC2/views/default/course.html: 0
[2014-12-06 22:28:56] EDIT RMC2/controllers/default.py: -1
[2014-12-06 22:29:08] EDIT RMC2/controllers/default.py: -2
[2014-12-06 22:29:28] EDIT RMC2/views/default/course.html: -1
[2014-12-06 22:31:12] EDIT RMC2/views/default/course.html: 0
[2014-12-06 22:31:48] EDIT RMC2/views/default/course.html: 1
[2014-12-06 22:32:06] EDIT RMC2/controllers/default.py: 0
[2014-12-06 22:32:24] EDIT RMC2/views/default/course.html: -3
[2014-12-06 22:33:17] EDIT RMC2/views/default/course.html: -69
[2014-12-06 22:33:53] EDIT RMC2/views/default/course.html: -2
[2014-12-06 22:44:10] EDIT RMC2/views/layout.html: 0
[2014-12-06 22:44:20] EDIT RMC2/views/layout.html: 0
[2014-12-06 22:45:36] EDIT RMC2/views/layout.html: 0
[2014-12-06 22:46:18] EDIT RMC2/views/layout.html: 32
[2014-12-06 22:49:15] EDIT RMC2/views/default/all_courses.html: 9
[2014-12-06 22:49:57] EDIT RMC2/views/default/all_professors.html: 9
[2014-12-06 22:50:33] EDIT RMC2/views/default/rate_course.html: 9
[2014-12-06 22:51:01] EDIT RMC2/views/default/rate_professor.html: 9
[2014-12-06 22:53:14] EDIT RMC2/views/default/course.html: 66
[2014-12-06 23:00:27] EDIT RMC2/views/default/course.html: 0
[2014-12-06 23:01:20] EDIT RMC2/views/default/course.html: 2
[2014-12-06 23:04:00] EDIT RMC2/views/default/course.html: 2
[2014-12-06 23:04:34] EDIT RMC2/views/default/course.html: 0
[2014-12-06 23:07:07] EDIT RMC2/views/default/course.html: 2
[2014-12-06 23:11:56] EDIT RMC2/models/db.py: 0
[2014-12-06 23:14:14] EDIT RMC2/views/default/course.html: 0
[2014-12-06 23:16:35] EDIT RMC2/views/default/course.html: 0
[2014-12-06 23:18:17] EDIT RMC2/views/default/course.html: 1
[2014-12-06 23:21:26] EDIT RMC2/views/default/course.html: -3
[2014-12-06 23:21:51] EDIT RMC2/views/default/course.html: 3
[2014-12-06 23:23:21] EDIT RMC2/views/default/course.html: 0
[2014-12-06 23:29:05] EDIT RMC2/views/layout.html: -1
[2014-12-06 23:29:56] EDIT RMC2/views/layout.html: 1
[2014-12-06 23:31:30] EDIT RMC2/views/default/course.html: 0
[2014-12-06 23:32:27] EDIT RMC2/views/default/course.html: 0
[2014-12-06 23:32:30] EDIT RMC2/views/default/course.html: 0
[2014-12-06 23:34:29] EDIT RMC2/views/default/course.html: 3
[2014-12-06 23:34:51] EDIT RMC2/views/default/course.html: 0
[2014-12-07 18:51:58] EDIT RMC2/models/db.py: 0
[2014-12-11 03:37:31] EDIT project_RMC/models/db.py: 0
[2014-12-11 03:37:59] EDIT project_RMC/models/db.py: 0
[2014-12-11 03:50:08] EDIT project_RMC/controllers/default.py: -1
[2014-12-11 03:53:18] EDIT project_RMC/views/default/course.html: 2
[2014-12-11 03:54:01] EDIT project_RMC/views/default/course.html: 0
[2014-12-11 03:54:34] EDIT project_RMC/views/default/course.html: 0
[2014-12-11 03:55:11] EDIT project_RMC/views/default/course.html: 0
[2014-12-11 03:58:43] EDIT project_RMC/views/default/course.html: 0
[2014-12-11 03:58:44] EDIT project_RMC/views/default/course.html: 0
[2014-12-11 04:03:05] EDIT project_RMC/views/layout.html: 0
[2014-12-11 04:03:24] EDIT project_RMC/views/default/course.html: 0
[2014-12-11 04:03:37] EDIT project_RMC/views/default/course.html: 0
[2014-12-11 04:03:39] EDIT project_RMC/views/default/course.html: 0
[2014-12-11 04:03:47] EDIT project_RMC/views/layout.html: 0
[2014-12-11 04:04:24] EDIT project_RMC/views/layout.html: 0
[2014-12-11 04:05:28] EDIT project_RMC/views/layout.html: 0
[2014-12-11 04:05:42] EDIT project_RMC/views/layout.html: 0
[2014-12-11 04:05:55] EDIT project_RMC/views/layout.html: 0
[2014-12-11 04:06:53] EDIT project_RMC/views/layout.html: 0
[2014-12-11 04:08:09] EDIT project_RMC/views/layout.html: 0
[2014-12-11 04:08:16] EDIT project_RMC/views/layout.html: 0
[2014-12-11 04:08:35] EDIT project_RMC/views/layout.html: 0
[2014-12-11 04:09:42] EDIT project_RMC/models/db.py: 1
[2014-12-11 04:09:51] EDIT project_RMC/views/default/course.html: 0
[2014-12-11 04:10:01] EDIT project_RMC/views/default/course.html: 0
[2014-12-11 04:10:14] EDIT project_RMC/models/db.py: 0
[2014-12-11 04:10:26] EDIT project_RMC/views/default/course.html: 0
[2014-12-11 04:13:11] EDIT project_RMC/models/db.py: 1
[2014-12-11 04:13:22] EDIT project_RMC/models/db.py: 0
[2014-12-11 04:14:12] EDIT project_RMC/views/default/professor.html: 68
[2014-12-11 04:14:34] EDIT project_RMC/views/default/professor.html: 1
[2014-12-11 04:15:18] EDIT project_RMC/views/default/professor.html: 1
[2014-12-11 04:15:52] EDIT project_RMC/views/default/professor.html: -1
[2014-12-11 04:16:25] EDIT project_RMC/views/default/course.html: 0
[2014-12-11 04:16:32] EDIT project_RMC/views/default/course.html: 0
[2014-12-11 04:16:59] EDIT project_RMC/views/default/professor.html: -1
[2014-12-11 04:17:21] EDIT project_RMC/views/default/professor.html: 0
[2014-12-11 04:17:46] EDIT project_RMC/views/default/professor.html: 0
[2014-12-11 04:17:51] EDIT project_RMC/views/default/professor.html: 0
[2014-12-11 04:17:59] EDIT project_RMC/views/default/professor.html: 0
[2014-12-11 04:18:09] EDIT project_RMC/views/default/professor.html: 1
[2014-12-11 04:18:22] EDIT project_RMC/views/default/professor.html: -2
[2014-12-11 04:18:47] EDIT project_RMC/views/default/professor.html: 2
[2014-12-11 04:19:05] EDIT project_RMC/views/default/professor.html: 2
[2014-12-11 04:19:17] EDIT project_RMC/views/default/professor.html: 0
[2014-12-11 04:19:47] EDIT project_RMC/views/layout.html: 0
[2014-12-11 04:20:12] EDIT project_RMC/views/default/professor.html: 0
[2014-12-11 04:20:56] EDIT project_RMC/views/default/professor.html: -4
[2014-12-11 04:20:59] EDIT project_RMC/views/default/professor.html: 4
[2014-12-11 04:29:50] EDIT project_RMC/models/db.py: 1
[2014-12-11 04:33:30] EDIT project_RMC/controllers/default.py: 10
[2014-12-11 04:33:40] EDIT project_RMC/controllers/default.py: 0
[2014-12-11 04:35:54] EDIT project_RMC/controllers/default.py: 4
[2014-12-11 04:36:07] EDIT project_RMC/controllers/default.py: 1
[2014-12-11 04:37:38] EDIT project_RMC/controllers/default.py: 5
[2014-12-11 04:37:55] EDIT project_RMC/controllers/default.py: 0
[2014-12-11 04:42:25] EDIT project_RMC/controllers/default.py: 9
[2014-12-11 04:43:20] EDIT project_RMC/controllers/default.py: 1
[2014-12-11 04:43:49] EDIT project_RMC/controllers/default.py: 0
[2014-12-11 04:43:52] EDIT project_RMC/controllers/default.py: 0
[2014-12-11 04:43:56] EDIT project_RMC/controllers/default.py: 0
[2014-12-11 04:44:30] EDIT project_RMC/controllers/default.py: 0
[2014-12-11 04:44:33] EDIT project_RMC/controllers/default.py: 0
[2014-12-11 04:48:15] EDIT project_RMC/views/default/course.html: -1
[2014-12-11 04:49:54] EDIT project_RMC/views/default/professor.html: 3
[2014-12-11 04:51:24] EDIT project_RMC/views/default/professor.html: 9
[2014-12-11 04:52:01] EDIT project_RMC/controllers/default.py: 0
[2014-12-11 04:52:11] EDIT project_RMC/controllers/default.py: 0
[2014-12-11 04:54:33] EDIT project_RMC/controllers/default.py: 3
[2014-12-11 04:56:59] EDIT project_RMC/controllers/default.py: 4
[2014-12-11 04:57:30] EDIT project_RMC/controllers/default.py: 0
[2014-12-11 04:57:44] EDIT project_RMC/controllers/default.py: 2
[2014-12-11 04:59:12] EDIT project_RMC/controllers/default.py: 1
[2014-12-11 05:01:23] EDIT project_RMC/controllers/default.py: 1
[2014-12-11 05:01:52] EDIT project_RMC/controllers/default.py: -5
[2014-12-11 05:02:13] EDIT project_RMC/controllers/default.py: 1
[2014-12-11 05:03:30] EDIT project_RMC/controllers/default.py: 10
[2014-12-11 05:03:48] EDIT project_RMC/controllers/default.py: 0
[2014-12-11 05:05:25] EDIT project_RMC/controllers/default.py: 1
[2014-12-11 05:05:26] EDIT project_RMC/controllers/default.py: 0
[2014-12-11 05:09:05] EDIT project_RMC/controllers/default.py: -2
[2014-12-11 05:09:53] EDIT project_RMC/controllers/default.py: 0
[2014-12-11 05:10:31] EDIT project_RMC/controllers/default.py: 0
[2014-12-11 05:12:44] EDIT project_RMC/controllers/default.py: 0
[2014-12-11 05:14:37] EDIT project_RMC/controllers/default.py: -2
[2014-12-11 05:15:04] EDIT project_RMC/controllers/default.py: 0
[2014-12-11 05:15:46] EDIT project_RMC/controllers/default.py: 0
[2014-12-11 05:16:21] EDIT project_RMC/controllers/default.py: 0
[2014-12-11 05:16:49] EDIT project_RMC/controllers/default.py: 0
[2014-12-11 05:19:55] EDIT project_RMC/controllers/default.py: 0
[2014-12-11 05:20:35] EDIT project_RMC/controllers/default.py: 0
[2014-12-11 05:22:08] EDIT project_RMC/controllers/default.py: 0
[2014-12-11 05:22:16] EDIT project_RMC/controllers/default.py: 1
[2014-12-11 05:24:26] EDIT project_RMC/models/db.py: 1
[2014-12-11 05:24:44] EDIT project_RMC/models/db.py: 0
[2014-12-11 05:25:00] EDIT project_RMC/controllers/default.py: 0
[2014-12-11 05:25:14] EDIT project_RMC/controllers/default.py: 0
[2014-12-11 05:25:29] EDIT project_RMC/controllers/default.py: 0
[2014-12-11 05:25:46] EDIT project_RMC/controllers/default.py: 0
[2014-12-11 05:27:41] EDIT project_RMC/controllers/default.py: 0
[2014-12-11 05:27:45] EDIT project_RMC/controllers/default.py: 0
[2014-12-11 05:27:50] EDIT project_RMC/controllers/default.py: 0
[2014-12-11 05:28:28] EDIT project_RMC/controllers/default.py: 0
[2014-12-11 05:29:00] EDIT project_RMC/controllers/default.py: 0
[2014-12-11 05:30:12] EDIT project_RMC/controllers/default.py: 0
[2014-12-11 05:30:33] EDIT project_RMC/controllers/default.py: 0
[2014-12-11 05:32:16] EDIT project_RMC/controllers/default.py: -1
[2014-12-11 05:33:37] EDIT project_RMC/controllers/default.py: 0
[2014-12-11 05:34:54] EDIT project_RMC/controllers/default.py: 0
[2014-12-11 05:35:23] EDIT project_RMC/views/default/professor.html: 0
[2014-12-11 05:35:31] EDIT project_RMC/views/default/professor.html: 0
[2014-12-11 05:35:48] EDIT project_RMC/views/default/professor.html: 0
[2014-12-11 05:37:01] EDIT project_RMC/controllers/default.py: 0
[2014-12-11 05:38:11] EDIT project_RMC/controllers/default.py: -1
[2014-12-11 05:39:49] EDIT project_RMC/views/layout.html: 5
[2014-12-11 05:40:06] EDIT project_RMC/views/default/index.html: 0
[2014-12-11 05:40:47] EDIT project_RMC/views/layout.html: 2
[2014-12-11 05:41:20] EDIT project_RMC/views/layout.html: -1
[2014-12-11 05:41:22] EDIT project_RMC/views/layout.html: 0
[2014-12-11 05:42:53] EDIT project_RMC/models/db.py: 0
[2014-12-11 05:43:23] EDIT project_RMC/controllers/default.py: 1
[2014-12-11 05:43:34] EDIT project_RMC/controllers/default.py: 0
[2014-12-11 05:43:45] EDIT project_RMC/views/default/index.html: 0
[2014-12-11 05:44:11] EDIT project_RMC/models/db.py: 0
[2014-12-11 05:44:37] EDIT project_RMC/models/db.py: 0
[2014-12-11 05:45:18] EDIT project_RMC/models/db.py: 3
[2014-12-11 05:46:03] EDIT project_RMC/models/db.py: 3
[2014-12-11 05:46:15] EDIT project_RMC/controllers/default.py: 0
[2014-12-11 05:46:27] EDIT project_RMC/models/db.py: 0
[2014-12-11 05:47:31] EDIT project_RMC/controllers/default.py: 1
[2014-12-11 05:47:42] EDIT project_RMC/controllers/default.py: 0
[2014-12-11 05:48:00] EDIT project_RMC/views/default/index.html: 0
[2014-12-11 05:48:21] EDIT project_RMC/controllers/default.py: 0
[2014-12-11 05:49:25] EDIT project_RMC/controllers/default.py: 4
[2014-12-11 05:49:44] EDIT project_RMC/controllers/default.py: 0
[2014-12-11 05:56:43] EDIT project_RMC/views/layout.html: 0
[2014-12-11 05:57:13] EDIT project_RMC/static/css/web2py.css: 0
[2014-12-11 05:57:24] EDIT project_RMC/static/css/web2py.css: 0
[2014-12-11 05:57:33] EDIT project_RMC/static/css/web2py.css: 0
[2014-12-11 05:57:40] EDIT project_RMC/views/layout.html: 0
[2014-12-11 05:58:51] EDIT project_RMC/static/css/web2py.css: 0
[2014-12-11 05:59:07] EDIT project_RMC/static/css/web2py.css: 0
[2014-12-11 05:59:31] EDIT project_RMC/static/css/web2py.css: 0
[2014-12-11 05:59:44] EDIT project_RMC/static/css/web2py.css: 0
[2014-12-11 06:00:05] EDIT project_RMC/static/css/web2py.css: 0
[2014-12-11 06:00:12] EDIT project_RMC/static/css/web2py.css: 0
[2014-12-11 06:01:15] EDIT project_RMC/static/css/web2py.css: 0
[2014-12-11 06:01:20] EDIT project_RMC/static/css/web2py.css: 0
[2014-12-11 06:01:22] EDIT project_RMC/static/css/web2py.css: 0
[2014-12-11 06:01:38] EDIT project_RMC/static/css/web2py.css: 0
[2014-12-11 06:02:16] EDIT project_RMC/views/layout.html: 0
[2014-12-11 06:02:54] EDIT project_RMC/static/css/web2py.css: 0
[2014-12-11 06:02:58] EDIT project_RMC/views/layout.html: 0
[2014-12-11 06:03:04] EDIT project_RMC/static/css/web2py.css: 0
[2014-12-11 06:03:10] EDIT project_RMC/static/css/web2py.css: 0
[2014-12-11 06:04:29] EDIT project_RMC/static/css/web2py.css: -1
[2014-12-11 06:04:33] EDIT project_RMC/static/css/web2py.css: 1
[2014-12-11 06:04:52] EDIT project_RMC/static/css/web2py.css: 0
[2014-12-11 06:05:05] EDIT project_RMC/static/css/web2py.css: 0
[2014-12-11 06:05:53] EDIT project_RMC/static/css/web2py.css: 3
[2014-12-11 06:06:03] EDIT project_RMC/static/css/web2py.css: 0
[2014-12-11 06:06:56] EDIT project_RMC/views/layout.html: 0
[2014-12-11 06:06:58] EDIT project_RMC/static/css/web2py.css: 0
[2014-12-11 06:07:12] EDIT project_RMC/views/layout.html: 0
[2014-12-11 06:07:21] EDIT project_RMC/static/css/web2py.css: 0
[2014-12-11 06:07:27] EDIT project_RMC/static/css/web2py.css: 0
[2014-12-11 06:07:33] EDIT project_RMC/static/css/web2py.css: 0
[2014-12-11 06:07:39] EDIT project_RMC/static/css/web2py.css: 0
[2014-12-11 06:07:47] EDIT project_RMC/static/css/web2py.css: 0
[2014-12-11 06:07:51] EDIT project_RMC/static/css/web2py.css: 0
[2014-12-11 06:08:04] EDIT project_RMC/static/css/web2py.css: 0
[2014-12-11 06:08:14] EDIT project_RMC/static/css/web2py.css: -3
[2014-12-11 06:09:46] EDIT project_RMC/static/css/web2py.css: 0
[2014-12-11 06:09:51] EDIT project_RMC/static/css/web2py.css: 0
[2014-12-11 06:09:58] EDIT project_RMC/static/css/web2py.css: 0
[2014-12-11 06:13:12] EDIT project_RMC/views/layout.html: 0
[2014-12-11 06:13:26] EDIT project_RMC/views/layout.html: 0
[2014-12-11 06:15:26] EDIT project_RMC/static/css/bootstrap.min.css: 0
[2014-12-11 06:15:47] EDIT project_RMC/static/css/bootstrap.min.css: 0
[2014-12-11 06:15:55] EDIT project_RMC/static/css/bootstrap.min.css: 0
[2014-12-11 06:16:08] EDIT project_RMC/static/css/bootstrap.min.css: 0
[2014-12-11 06:20:06] EDIT project_RMC/views/layout.html: 1
[2014-12-11 06:22:17] EDIT project_RMC/views/layout.html: -1
[2014-12-11 06:22:29] EDIT project_RMC/views/layout.html: 1
[2014-12-11 06:22:57] EDIT project_RMC/views/layout.html: -1
[2014-12-11 06:23:10] EDIT project_RMC/views/layout.html: 0
[2014-12-11 06:23:16] EDIT project_RMC/views/layout.html: 0
[2014-12-11 06:23:20] EDIT project_RMC/views/layout.html: 0
[2014-12-11 06:23:21] EDIT project_RMC/views/layout.html: 0
[2014-12-11 06:23:26] EDIT project_RMC/views/layout.html: 0
[2014-12-11 06:23:30] EDIT project_RMC/views/layout.html: 0
[2014-12-11 06:23:38] EDIT project_RMC/views/layout.html: 0
[2014-12-11 06:24:11] EDIT project_RMC/views/layout.html: 1
[2014-12-11 06:24:21] EDIT project_RMC/views/layout.html: -1
[2014-12-11 06:25:26] EDIT project_RMC/views/layout.html: 0
[2014-12-11 06:26:08] EDIT project_RMC/views/layout.html: 0
[2014-12-11 06:26:33] EDIT project_RMC/views/layout.html: 4
[2014-12-11 06:26:47] EDIT project_RMC/views/layout.html: -4
[2014-12-11 06:27:36] EDIT project_RMC/static/css/bootstrap.min.css: 0
[2014-12-11 06:27:45] EDIT project_RMC/static/css/bootstrap.min.css: 0
[2014-12-11 06:28:35] EDIT project_RMC/static/css/bootstrap.min.css: 0
[2014-12-11 06:28:41] EDIT project_RMC/static/css/bootstrap.min.css: 0
[2014-12-11 06:32:26] EDIT project_RMC/static/css/bootstrap-responsive.min.css: 0
[2014-12-11 06:32:42] EDIT project_RMC/static/css/bootstrap-responsive.min.css: 0
[2014-12-11 06:33:04] EDIT project_RMC/static/css/bootstrap-responsive.min.css: 0
[2014-12-11 06:35:14] EDIT project_RMC/views/layout.html: -1
[2014-12-11 06:35:21] EDIT project_RMC/views/layout.html: -2
[2014-12-11 06:35:55] EDIT project_RMC/views/layout.html: 0
[2014-12-11 06:36:12] EDIT project_RMC/views/layout.html: 0
[2014-12-11 06:36:29] EDIT project_RMC/views/layout.html: 0
[2014-12-11 06:36:38] EDIT project_RMC/views/layout.html: 0
[2014-12-11 06:36:43] EDIT project_RMC/views/layout.html: 0
[2014-12-11 06:38:19] EDIT project_RMC/static/css/bootstrap-responsive.min.css: 1
[2014-12-11 06:39:05] EDIT project_RMC/views/layout.html: 0
[2014-12-11 06:39:44] EDIT project_RMC/static/css/bootstrap-responsive.min.css: 0
[2014-12-11 06:41:51] EDIT project_RMC/static/css/web2py.css: 0
[2014-12-11 06:41:58] EDIT project_RMC/static/css/web2py.css: 0
[2014-12-11 06:43:33] EDIT project_RMC/views/layout.html: 2
[2014-12-11 06:43:58] EDIT project_RMC/views/layout.html: 0
[2014-12-11 06:44:22] EDIT project_RMC/static/css/web2py.css: 0
[2014-12-11 06:44:28] EDIT project_RMC/static/css/web2py.css: 0
[2014-12-11 06:44:34] EDIT project_RMC/static/css/web2py.css: 0
[2014-12-11 06:45:21] EDIT project_RMC/static/css/bootstrap-responsive.min.css: 0
[2014-12-11 06:45:28] EDIT project_RMC/static/css/bootstrap-responsive.min.css: 0
[2014-12-11 06:46:40] EDIT project_RMC/static/css/web2py_bootstrap.css: 0
[2014-12-11 06:46:49] EDIT project_RMC/static/css/web2py_bootstrap.css: 0
[2014-12-11 06:47:16] EDIT project_RMC/static/css/web2py_bootstrap.css: 8
[2014-12-11 06:47:37] EDIT project_RMC/views/layout.html: 0
[2014-12-11 06:48:08] EDIT project_RMC/views/layout.html: 0
[2014-12-11 06:48:24] EDIT project_RMC/views/layout.html: 0
[2014-12-11 06:49:06] EDIT project_RMC/static/css/web2py.css: 4
[2014-12-11 06:49:17] EDIT project_RMC/static/css/web2py.css: 0
[2014-12-11 06:49:24] EDIT project_RMC/views/layout.html: 0
[2014-12-11 06:49:25] EDIT project_RMC/static/css/bootstrap-responsive.min.css: 0
[2014-12-11 06:49:26] EDIT project_RMC/static/css/web2py.css: 0
[2014-12-11 06:49:26] EDIT project_RMC/static/css/web2py_bootstrap.css: 0
[2014-12-11 06:49:44] EDIT project_RMC/static/css/web2py.css: 0
[2014-12-11 06:53:04] EDIT project_RMC/views/default/index.html: 0
[2014-12-11 06:53:12] EDIT project_RMC/views/default/index.html: 0
[2014-12-11 06:55:56] EDIT project_RMC/views/layout.html: 0
[2014-12-11 06:56:03] EDIT project_RMC/views/layout.html: 0
[2014-12-11 06:56:21] EDIT project_RMC/views/layout.html: 1
[2014-12-11 06:57:00] EDIT project_RMC/models/db.py: -1
[2014-12-11 06:57:14] EDIT project_RMC/models/db.py: 1
[2014-12-11 06:59:11] EDIT project_RMC/views/layout.html: -1
[2014-12-11 06:59:24] EDIT project_RMC/models/db.py: -1
[2014-12-11 07:00:00] EDIT project_RMC/controllers/default.py: 0
[2014-12-11 07:00:22] EDIT project_RMC/controllers/default.py: 1
[2014-12-11 07:00:30] EDIT project_RMC/controllers/default.py: -1
[2014-12-11 07:01:27] EDIT project_RMC/controllers/default.py: 1
[2014-12-11 07:01:51] EDIT project_RMC/controllers/default.py: 1
[2014-12-11 07:01:54] EDIT project_RMC/controllers/default.py: 1
[2014-12-11 07:02:19] EDIT project_RMC/controllers/default.py: -2
[2014-12-11 07:02:26] EDIT project_RMC/models/db.py: 1
[2014-12-11 07:02:55] EDIT project_RMC/models/db.py: -1
[2014-12-11 07:02:56] EDIT project_RMC/models/db.py: 0
[2014-12-11 07:03:48] EDIT project_RMC/views/default/course.html: 1
[2014-12-11 07:05:01] EDIT project_RMC/views/default/course.html: -1
[2014-12-11 07:05:20] EDIT project_RMC/views/default/course.html: 0
[2014-12-11 07:05:34] EDIT project_RMC/views/default/course.html: 0
[2014-12-11 07:05:42] EDIT project_RMC/views/default/course.html: 0
[2014-12-11 07:05:50] EDIT project_RMC/views/default/course.html: 0
[2014-12-11 07:05:51] EDIT project_RMC/views/default/course.html: 0
[2014-12-11 07:06:12] EDIT project_RMC/views/default/course.html: 0
[2014-12-11 07:06:22] EDIT project_RMC/views/default/course.html: 0
[2014-12-11 07:06:58] EDIT project_RMC/views/default/course.html: 0
[2014-12-11 07:07:00] EDIT project_RMC/views/default/course.html: 0
[2014-12-11 07:07:53] EDIT project_RMC/controllers/default.py: 1
[2014-12-11 07:10:22] EDIT project_RMC/views/layout.html: -2
[2014-12-11 07:11:54] EDIT project_RMC/controllers/default.py: 0
[2014-12-11 07:15:18] EDIT project_RMC/controllers/default.py: 0
[2014-12-11 07:15:33] EDIT project_RMC/controllers/default.py: 0
[2014-12-11 07:15:43] EDIT project_RMC/controllers/default.py: 0
[2014-12-11 07:16:09] EDIT project_RMC/controllers/default.py: 0
[2014-12-11 07:16:26] EDIT project_RMC/controllers/default.py: 0
[2014-12-11 07:17:03] EDIT project_RMC/controllers/default.py: 3
[2014-12-11 07:17:09] EDIT project_RMC/controllers/default.py: -3
[2014-12-11 07:19:13] EDIT project_RMC/controllers/default.py: 0
[2014-12-11 07:19:27] EDIT project_RMC/controllers/default.py: 0
[2014-12-11 07:19:51] EDIT project_RMC/controllers/default.py: 1
[2014-12-11 07:20:14] EDIT project_RMC/views/default/course.html: 0
[2014-12-11 07:20:39] EDIT project_RMC/views/default/professor.html: 0
[2014-12-11 19:38:47] EDIT rmc/views/default/index.html: 0
[2014-12-11 19:39:04] EDIT rmc/views/default/index.html: -3
[2014-12-11 19:39:14] EDIT rmc/views/default/index.html: 0
[2014-12-11 19:39:44] EDIT rmc/views/default/index.html: 3
[2014-12-11 19:40:55] EDIT rmc/views/default/index.html: -1
[2014-12-11 19:41:51] EDIT rmc/views/default/index.html: 0
[2014-12-11 19:42:26] EDIT rmc/views/default/index.html: 0
[2014-12-11 19:42:32] EDIT rmc/views/default/all_professors.html: 0
[2014-12-11 19:42:38] EDIT rmc/views/default/all_professors.html: 0
[2014-12-11 19:43:02] EDIT rmc/views/default/all_professors.html: 153
[2014-12-11 19:43:36] EDIT rmc/views/default/all_courses.html: 6
[2014-12-11 19:43:50] EDIT rmc/views/default/all_courses.html: 0
[2014-12-11 19:44:04] EDIT rmc/views/default/all_courses.html: 0
[2014-12-11 19:44:12] EDIT rmc/views/default/all_courses.html: 0
[2014-12-11 19:44:44] EDIT rmc/controllers/default.py: 0
[2014-12-11 19:48:43] EDIT rmc/views/default/index.html: 0
[2014-12-11 19:49:59] EDIT rmc/views/default/index.html: 0
[2014-12-11 19:52:19] EDIT rmc/views/default/course.html: 0
[2014-12-11 19:52:26] EDIT rmc/views/default/course.html: 0
[2014-12-11 19:52:36] EDIT rmc/views/default/course.html: 0
[2014-12-11 19:54:16] EDIT rmc/models/db.py: 0
[2014-12-11 19:59:18] EDIT rmc/models/db.py: 0
[2014-12-11 20:00:29] EDIT rmc/controllers/default.py: 0
[2014-12-11 20:00:49] EDIT rmc/controllers/default.py: 0
[2014-12-11 20:01:23] EDIT rmc/views/default/rate_course.html: 0
[2014-12-11 20:01:28] EDIT rmc/views/default/course.html: 0
[2014-12-11 20:01:30] EDIT rmc/views/default/index.html: 0
[2014-12-11 20:01:33] EDIT rmc/views/default/all_professors.html: 0
[2014-12-11 20:01:35] EDIT rmc/views/default/all_courses.html: 0
[2014-12-11 20:01:37] EDIT rmc/controllers/default.py: 0
[2014-12-11 20:06:20] EDIT rmc/models/db.py: 0
[2014-12-11 20:06:26] EDIT rmc/controllers/default.py: 0
[2014-12-11 20:15:07] EDIT rmc/views/default/index.html: 0
[2014-12-11 20:15:44] EDIT rmc/views/default/course.html: 0
[2014-12-11 20:15:57] EDIT rmc/controllers/default.py: 0
[2014-12-11 20:15:59] EDIT rmc/models/db.py: 0
[2014-12-11 20:29:04] EDIT rmc/models/db.py: 0
[2014-12-11 20:30:21] EDIT rmc/views/default/index.html: 0
[2014-12-11 20:30:50] EDIT rmc/views/default/course.html: 0
[2014-12-11 20:32:17] EDIT rmc/views/default/index.html: 0
[2014-12-11 20:33:20] EDIT rmc/views/default/index.html: 0
[2014-12-11 20:34:08] EDIT rmc/views/default/index.html: 0
[2014-12-14 18:46:53] EDIT Project_RMC/views/default/rate_course.html: 6
[2014-12-14 18:47:56] EDIT Project_RMC/views/default/rate_course.html: 0
[2014-12-14 18:47:57] EDIT Project_RMC/views/default/rate_course.html: 0
[2014-12-14 18:48:15] EDIT Project_RMC/views/default/rate_course.html: 0
[2014-12-14 18:48:26] EDIT Project_RMC/views/default/rate_course.html: 0
[2014-12-14 18:49:22] EDIT Project_RMC/views/default/rate_course.html: 0
[2014-12-14 18:49:33] EDIT Project_RMC/views/default/rate_course.html: 0
[2014-12-14 18:49:55] EDIT Project_RMC/views/default/rate_course.html: 3
[2014-12-14 18:50:32] EDIT Project_RMC/views/default/rate_course.html: 0
[2014-12-14 18:50:35] EDIT Project_RMC/views/default/rate_course.html: -1
[2014-12-14 18:51:56] EDIT Project_RMC/views/default/rate_course.html: 4
[2014-12-14 18:52:14] EDIT Project_RMC/views/default/rate_professor.html: 11
[2014-12-14 18:52:23] EDIT Project_RMC/views/default/rate_professor.html: 1
[2014-12-14 18:54:56] EDIT Project_RMC/views/default/course.html: 0
[2014-12-14 18:55:16] EDIT Project_RMC/views/default/professor.html: 1
[2014-12-14 18:55:17] EDIT Project_RMC/views/default/professor.html: 0
[2014-12-14 18:55:35] EDIT Project_RMC/views/default/professor.html: 0
[2014-12-14 18:55:37] EDIT Project_RMC/views/default/professor.html: 0
[2014-12-14 18:56:07] EDIT Project_RMC/views/default/professor.html: 1
[2014-12-14 18:59:42] EDIT Project_RMC/views/layout.html: 1
[2014-12-14 19:00:01] EDIT Project_RMC/views/layout.html: 1
[2014-12-14 19:00:17] EDIT Project_RMC/views/layout.html: 0
[2014-12-14 19:00:25] EDIT Project_RMC/views/layout.html: 0
[2014-12-14 19:02:01] EDIT Project_RMC/views/layout.html: -1
[2014-12-14 19:02:08] EDIT Project_RMC/views/layout.html: 0
[2014-12-14 19:02:12] EDIT Project_RMC/views/layout.html: 0
[2014-12-14 19:02:17] EDIT Project_RMC/views/layout.html: 0
[2014-12-14 19:02:24] EDIT Project_RMC/views/layout.html: 0
[2014-12-14 19:02:30] EDIT Project_RMC/views/layout.html: 0
[2014-12-14 19:02:53] EDIT Project_RMC/views/layout.html: 0
